# List of table names used in booking report
#
bookings;book_no,pax_name_rec,book_type,no_of_seats,group_name,book_category,origin_branch_code,origin_address,status_flag,first_segm_date,last_segm_date,scrutiny_flag,record_locator
#book_crs_index;pax_name_rec,origin_address,book_category,reply_poll_flag,processing_flag,ext_book_numb,codeshare_book_numb
itineraries;route_no,itinerary_no,itinerary_type,flight_number,flight_date,departure_airport,arrival_airport,departure_time,arrival_time,selling_class,status_flag,request_nos,reserve_status
#pass_contact;pax_no,home_phone_no,buss_phone_no
#book_requests;rqst_sequence_no,rqst_code,carrier_code,action_code,request_text,processing_flag,all_pax_flag,all_itinerary_flag
#book_fares_paym;fare_no,pax_code,payment_code,fare_calc_code,fare_paymt_amt
#booking_fare_segments;fare_no,pax_code,flight_number,departure_airport,arrival_airport,selling_class,fare_basis
#pass_remarks;remark_sequence_no,remark_text
#flight_seat_reservation;reserve_reason_rcd,blocked_flag,temporary_reserve_flag,release_date_time,active_flag
#end_transaction_book;book_serial_no,processing_flag,create_time,et_serial_no
#book_history;hist_sequence_no,history_code,tran_type,item_text,create_time
passenger;pax_no,pax_name,request_nos,pax_code,processing_flag
#hist_passenger;pax_no,pax_name,request_nos,pax_code,processing_flag,request_nos
#post_hist_passenger;pax_no,pax_name,pax_code,processing_flag
book_fares;fare_no,pax_code,departure_airport,arrival_airport,total_amount_curr,total_amount
payments;payment_no,payment_form,payment_type,paid_flag,payment_amount,payment_date,pax_name,remarks_text,voucher_no
#hist_booking_fare_segments;fare_no,pax_code,flight_number,departure_airport,arrival_airport,selling_class,fare_basis
#employee_buddy_pass;employee_id,buddy_pass_no,active_flag
#queues;queue_code,notify_code,processing_flag,flight_number,flight_date,pax_name,pax_name_rec,queue_text,pass_name_dupe
#pnl_adl_book
#pnl_adl_pax
#pnl_adl_rem
book_requests;rqst_sequence_no,rqst_code,carrier_code,action_code,actn_number,request_text,processing_flag,all_pax_flag,all_itinerary_flag
